#
# There is insufficient memory for the Java Runtime Environment to continue.
# Native memory allocation (malloc) failed to allocate 1048576 bytes for AllocateHeap
# Possible reasons:
#   The system is out of physical RAM or swap space
#   The process is running with CompressedOops enabled, and the Java Heap may be blocking the growth of the native heap
# Possible solutions:
#   Reduce memory load on the system
#   Increase physical memory or swap space
#   Check if swap backing store is full
#   Decrease Java heap size (-Xmx/-Xms)
#   Decrease number of Java threads
#   Decrease Java thread stack sizes (-Xss)
#   Set larger code cache with -XX:ReservedCodeCacheSize=
#   JVM is running with Unscaled Compressed Oops mode in which the Java heap is
#     placed in the first 4GB address space. The Java Heap base address is the
#     maximum limit for the native heap growth. Please use -XX:HeapBaseMinAddress
#     to set the Java Heap base and to place the Java Heap above 4GB virtual address.
# This output file may be truncated or incomplete.
#
#  Out of Memory Error (allocation.cpp:44), pid=10788, tid=32012
#
# JRE version:  (20.0.1+9) (build )
# Java VM: Java HotSpot(TM) 64-Bit Server VM (20.0.1+9-29, mixed mode, sharing, tiered, compressed oops, compressed class ptrs, g1 gc, windows-amd64)
# No core dump will be written. Minidumps are not enabled by default on client versions of Windows
#

---------------  S U M M A R Y ------------

Command Line: -Dfile.encoding=UTF-8 --module-path=C:\Users\Ritesh Kumar\Documents\NetBeansProjects\UniversityManagementSystem\build\classes UniversitySystem.admilogin

Host: 11th Gen Intel(R) Core(TM) i5-1135G7 @ 2.40GHz, 8 cores, 7G,  Windows 11 , 64 bit Build 22621 (10.0.22621.4830)
Time: Fri Mar 21 14:55:40 2025 India Standard Time elapsed time: 0.009669 seconds (0d 0h 0m 0s)

---------------  T H R E A D  ---------------

Current thread (0x0000027ef9d2ef90):  JavaThread "Unknown thread" [_thread_in_vm, id=32012, stack(0x0000008f3fc00000,0x0000008f3fd00000)]

Stack: [0x0000008f3fc00000,0x0000008f3fd00000]
Native frames: (J=compiled Java code, j=interpreted, Vv=VM code, C=native code)
V  [jvm.dll+0x6bb95a]
V  [jvm.dll+0x8485fa]
V  [jvm.dll+0x84a1f5]
V  [jvm.dll+0x84a8f3]
V  [jvm.dll+0x280b0f]
V  [jvm.dll+0xbcec5]
V  [jvm.dll+0x333b65]
V  [jvm.dll+0x32c301]
V  [jvm.dll+0x8112bf]
V  [jvm.dll+0x3c0d91]
V  [jvm.dll+0x7fcfe3]
V  [jvm.dll+0x44c76f]
V  [jvm.dll+0x44e0e1]
C  [jli.dll+0x5287]
C  [ucrtbase.dll+0x29333]
C  [KERNEL32.DLL+0x1259d]
C  [ntdll.dll+0x5af38]


---------------  P R O C E S S  ---------------

Threads class SMR info:
_java_thread_list=0x00007ffadc68a098, length=0, elements={
}

Java Threads: ( => current thread )

Other Threads:
  0x0000027ef9d8d050 WorkerThread "GC Thread#0" [stack: 0x0000008f3fd00000,0x0000008f3fe00000] [id=6580]

[error occurred during error reporting (printing all threads), id 0xc0000005, EXCEPTION_ACCESS_VIOLATION (0xc0000005) at pc=0x00007ffadbe68a00]
VM state: not at safepoint (not fully initialized)

VM Mutex/Monitor currently owned by a thread:  ([mutex/lock_event])
[0x0000027ef9d2d300] Heap_lock - owner thread: 0x0000027ef9d2ef90

Heap address: 0x0000000084c00000, size: 1972 MB, Compressed Oops mode: 32-bit

CDS archive(s) mapped at: [0x0000000000000000-0x0000000000000000-0x0000000000000000), size 0, SharedBaseAddress: 0x0000000800000000, ArchiveRelocationMode: 0.
Narrow klass base: 0x0000000000000000, Narrow klass shift: 0, Narrow klass range: 0x0

GC Precious Log:
 CardTable entry size: 512
 Card Set container configuration: InlinePtr #cards 5 size 8 Array Of Cards #cards 12 size 40 Howl #buckets 4 coarsen threshold 1843 Howl Bitmap #cards 512 size 80 coarsen threshold 460 Card regions per heap region 1 cards per card region 2048

Heap:
 garbage-first heap   total 0K, used 0K [0x0000000084c00000, 0x0000000100000000)
  region size 1024K, 0 young (0K), 0 survivors (0K)

[error occurred during error reporting (printing heap information), id 0xc0000005, EXCEPTION_ACCESS_VIOLATION (0xc0000005) at pc=0x00007ffadc243c59]
GC Heap History (0 events):
No events

Dll operation events (1 events):
Event: 0.006 Loaded shared library C:\Program Files\Java\jdk-20\bin\java.dll

Deoptimization events (0 events):
No events

Classes loaded (0 events):
No events

Classes unloaded (0 events):
No events

Classes redefined (0 events):
No events

Internal exceptions (0 events):
No events

VM Operations (0 events):
No events

Events (0 events):
No events


Dynamic libraries:
0x00007ff735750000 - 0x00007ff735760000 	C:\Program Files\Java\jdk-20\bin\java.exe
0x00007ffb49a10000 - 0x00007ffb49c27000 	C:\WINDOWS\SYSTEM32\ntdll.dll
0x00007ffb49000000 - 0x00007ffb490c4000 	C:\WINDOWS\System32\KERNEL32.DLL
0x00007ffb47330000 - 0x00007ffb47700000 	C:\WINDOWS\System32\KERNELBASE.dll
0x00007ffb46fc0000 - 0x00007ffb470d1000 	C:\WINDOWS\System32\ucrtbase.dll
0x00007ffb3b3d0000 - 0x00007ffb3b3eb000 	C:\Program Files\Java\jdk-20\bin\VCRUNTIME140.dll
0x00007ffb27eb0000 - 0x00007ffb27ec9000 	C:\Program Files\Java\jdk-20\bin\jli.dll
0x00007ffb48210000 - 0x00007ffb482c1000 	C:\WINDOWS\System32\ADVAPI32.dll
0x00007ffb48790000 - 0x00007ffb48837000 	C:\WINDOWS\System32\msvcrt.dll
0x00007ffb48840000 - 0x00007ffb488e7000 	C:\WINDOWS\System32\sechost.dll
0x00007ffb470e0000 - 0x00007ffb47108000 	C:\WINDOWS\System32\bcrypt.dll
0x00007ffb48aa0000 - 0x00007ffb48bb4000 	C:\WINDOWS\System32\RPCRT4.dll
0x00007ffb488f0000 - 0x00007ffb48a9e000 	C:\WINDOWS\System32\USER32.dll
0x00007ffb47300000 - 0x00007ffb47326000 	C:\WINDOWS\System32\win32u.dll
0x00007ffb498a0000 - 0x00007ffb498c9000 	C:\WINDOWS\System32\GDI32.dll
0x00007ffb38b00000 - 0x00007ffb38d92000 	C:\WINDOWS\WinSxS\amd64_microsoft.windows.common-controls_6595b64144ccf1df_6.0.22621.4830_none_270fe7d773858e80\COMCTL32.dll
0x00007ffb46d60000 - 0x00007ffb46e7b000 	C:\WINDOWS\System32\gdi32full.dll
0x00007ffb46cc0000 - 0x00007ffb46d5a000 	C:\WINDOWS\System32\msvcp_win.dll
0x00007ffb3e620000 - 0x00007ffb3e62a000 	C:\WINDOWS\SYSTEM32\VERSION.dll
0x00007ffb482d0000 - 0x00007ffb48301000 	C:\WINDOWS\System32\IMM32.DLL
0x00007ffb3f070000 - 0x00007ffb3f07c000 	C:\Program Files\Java\jdk-20\bin\vcruntime140_1.dll
0x00007ffb287f0000 - 0x00007ffb2887e000 	C:\Program Files\Java\jdk-20\bin\msvcp140.dll
0x00007ffadbb30000 - 0x00007ffadc7c7000 	C:\Program Files\Java\jdk-20\bin\server\jvm.dll
0x00007ffb3d250000 - 0x00007ffb3d284000 	C:\WINDOWS\SYSTEM32\WINMM.dll
0x00007ffb3b740000 - 0x00007ffb3b749000 	C:\WINDOWS\SYSTEM32\WSOCK32.dll
0x00007ffb48bc0000 - 0x00007ffb48c31000 	C:\WINDOWS\System32\WS2_32.dll
0x00007ffb45d00000 - 0x00007ffb45d18000 	C:\WINDOWS\SYSTEM32\kernel.appcore.dll
0x00007ffb3c300000 - 0x00007ffb3c30a000 	C:\Program Files\Java\jdk-20\bin\jimage.dll
0x00007ffb44490000 - 0x00007ffb446c2000 	C:\WINDOWS\SYSTEM32\DBGHELP.DLL
0x00007ffb490d0000 - 0x00007ffb49460000 	C:\WINDOWS\System32\combase.dll
0x00007ffb498d0000 - 0x00007ffb499a7000 	C:\WINDOWS\System32\OLEAUT32.dll
0x00007ffb3cc50000 - 0x00007ffb3cc82000 	C:\WINDOWS\SYSTEM32\dbgcore.DLL
0x00007ffb47280000 - 0x00007ffb472fb000 	C:\WINDOWS\System32\bcryptPrimitives.dll
0x00007ffb32450000 - 0x00007ffb32476000 	C:\Program Files\Java\jdk-20\bin\java.dll

dbghelp: loaded successfully - version: 4.0.5 - missing functions: none
symbol engine: initialized successfully - sym options: 0x614 - pdb path: .;C:\Program Files\Java\jdk-20\bin;C:\WINDOWS\SYSTEM32;C:\WINDOWS\WinSxS\amd64_microsoft.windows.common-controls_6595b64144ccf1df_6.0.22621.4830_none_270fe7d773858e80;C:\Program Files\Java\jdk-20\bin\server

VM Arguments:
jvm_args: -Dfile.encoding=UTF-8 --module-path=C:\Users\Ritesh Kumar\Documents\NetBeansProjects\UniversityManagementSystem\build\classes 
java_command: UniversitySystem.admilogin
java_class_path (initial): C:\Users\Ritesh Kumar\Downloads\mysql-connector-j-9.0.0\mysql-connector-j-9.0.0\mysql-connector-j-9.0.0.jar;C:\Users\Ritesh Kumar\Documents\NetBeansProjects\UniversityManagementSystem\build\classes
Launcher Type: SUN_STANDARD

[Global flags]
     intx CICompilerCount                          = 4                                         {product} {ergonomic}
     uint ConcGCThreads                            = 2                                         {product} {ergonomic}
     uint G1ConcRefinementThreads                  = 8                                         {product} {ergonomic}
   size_t G1HeapRegionSize                         = 1048576                                   {product} {ergonomic}
    uintx GCDrainStackTargetSize                   = 64                                        {product} {ergonomic}
   size_t InitialHeapSize                          = 130023424                                 {product} {ergonomic}
   size_t MarkStackSize                            = 4194304                                   {product} {ergonomic}
   size_t MaxHeapSize                              = 2067791872                                {product} {ergonomic}
   size_t MinHeapDeltaBytes                        = 1048576                                   {product} {ergonomic}
   size_t MinHeapSize                              = 8388608                                   {product} {ergonomic}
    uintx NonNMethodCodeHeapSize                   = 5839372                                {pd product} {ergonomic}
    uintx NonProfiledCodeHeapSize                  = 122909434                              {pd product} {ergonomic}
    uintx ProfiledCodeHeapSize                     = 122909434                              {pd product} {ergonomic}
    uintx ReservedCodeCacheSize                    = 251658240                              {pd product} {ergonomic}
     bool SegmentedCodeCache                       = true                                      {product} {ergonomic}
   size_t SoftMaxHeapSize                          = 2067791872                             {manageable} {ergonomic}
     bool UseCompressedClassPointers               = true                           {product lp64_product} {ergonomic}
     bool UseCompressedOops                        = true                           {product lp64_product} {ergonomic}
     bool UseG1GC                                  = true                                      {product} {ergonomic}
     bool UseLargePagesIndividualAllocation        = false                                  {pd product} {ergonomic}

Logging:
Log output configuration:
 #0: stdout all=warning uptime,level,tags foldmultilines=false
 #1: stderr all=off uptime,level,tags foldmultilines=false

Environment Variables:
PATH=C:\Program Files\Python311\Scripts\;C:\Program Files\Python311\;C:\Program Files\Common Files\Oracle\Java\javapath;C:\WINDOWS\system32;C:\WINDOWS;C:\WINDOWS\System32\Wbem;C:\WINDOWS\System32\WindowsPowerShell\v1.0\;C:\WINDOWS\System32\OpenSSH\;C:\Program Files (x86)\Microsoft SQL Server\160\Tools\Binn\;C:\Program Files\Microsoft SQL Server\160\Tools\Binn\;C:\Program Files\Microsoft SQL Server\Client SDK\ODBC\170\Tools\Binn\;C:\Program Files\Microsoft SQL Server\160\DTS\Binn\;C:\Program Files\Azure Data Studio\bin;C:\Program Files (x86)\Microsoft SQL Server\160\DTS\Binn\;C:\Program Files\Git\cmd;C:\Program Files\MySQL\MySQL Shell 8.0\bin\;C:\Users\Ritesh Kumar\AppData\Local\Microsoft\WindowsApps;C:\Program Files\JetBrains\IntelliJ IDEA Community Edition 2022.3.1\bin;;C:\Program Files\Azure Data Studio\bin;C:\Users\Ritesh Kumar\AppData\Local\Programs\Microsoft VS Code\bin;C:\Users\Ritesh Kumar\Downloads\jdk-20_windows-x64_bin.exe;
USERNAME=Ritesh Kumar
OS=Windows_NT
PROCESSOR_IDENTIFIER=Intel64 Family 6 Model 140 Stepping 1, GenuineIntel
TMP=C:\Users\RITESH~1\AppData\Local\Temp
TEMP=C:\Users\RITESH~1\AppData\Local\Temp




---------------  S Y S T E M  ---------------

OS:
 Windows 11 , 64 bit Build 22621 (10.0.22621.4830)
OS uptime: 45 days 15:48 hours

CPU: total 8 (initial active 8) (4 cores per cpu, 2 threads per core) family 6 model 140 stepping 1 microcode 0x86, cx8, cmov, fxsr, ht, mmx, 3dnowpref, sse, sse2, sse3, ssse3, sse4.1, sse4.2, popcnt, lzcnt, tsc, tscinvbit, avx, avx2, aes, erms, clmul, bmi1, bmi2, adx, avx512f, avx512dq, avx512cd, avx512bw, avx512vl, sha, fma, vzeroupper, avx512_vpopcntdq, avx512_vpclmulqdq, avx512_vaes, avx512_vnni, clflush, clflushopt, clwb, avx512_vbmi2, avx512_vbmi, rdtscp, rdpid, fsrm, gfni, avx512_bitalg, f16c, pku, cet_ibt, cet_ss, avx512_ifma

Memory: 4k page, system-wide physical 7886M (326M free)
TotalPageFile size 32462M (AvailPageFile size 5M)
current process WorkingSet (physical memory assigned to process): 11M, peak: 11M
current process commit charge ("private bytes"): 57M, peak: 58M

vm_info: Java HotSpot(TM) 64-Bit Server VM (20.0.1+9-29) for windows-amd64 JRE (20.0.1+9-29), built on 2023-03-07T13:56:11Z by "mach5one" with MS VC++ 17.1 (VS2022)

END.
