#
# There is insufficient memory for the Java Runtime Environment to continue.
# Native memory allocation (malloc) failed to allocate 32744 bytes for Chunk::new
# Possible reasons:
#   The system is out of physical RAM or swap space
#   The process is running with CompressedOops enabled, and the Java Heap may be blocking the growth of the native heap
# Possible solutions:
#   Reduce memory load on the system
#   Increase physical memory or swap space
#   Check if swap backing store is full
#   Decrease Java heap size (-Xmx/-Xms)
#   Decrease number of Java threads
#   Decrease Java thread stack sizes (-Xss)
#   Set larger code cache with -XX:ReservedCodeCacheSize=
#   JVM is running with Unscaled Compressed Oops mode in which the Java heap is
#     placed in the first 4GB address space. The Java Heap base address is the
#     maximum limit for the native heap growth. Please use -XX:HeapBaseMinAddress
#     to set the Java Heap base and to place the Java Heap above 4GB virtual address.
# This output file may be truncated or incomplete.
#
#  Out of Memory Error (arena.cpp:184), pid=32748, tid=32016
#
# JRE version: Java(TM) SE Runtime Environment (20.0.1+9) (build 20.0.1+9-29)
# Java VM: Java HotSpot(TM) 64-Bit Server VM (20.0.1+9-29, mixed mode, sharing, tiered, compressed oops, compressed class ptrs, g1 gc, windows-amd64)
# No core dump will be written. Minidumps are not enabled by default on client versions of Windows
#

---------------  S U M M A R Y ------------

Command Line: -Dfile.encoding=UTF-8 --module-path=C:\Users\Ritesh Kumar\Documents\NetBeansProjects\UniversityManagementSystem\build\classes UniversitySystem.studentsignup

Host: 11th Gen Intel(R) Core(TM) i5-1135G7 @ 2.40GHz, 8 cores, 7G,  Windows 11 , 64 bit Build 22621 (10.0.22621.4830)
Time: Thu Mar 20 12:31:52 2025 India Standard Time elapsed time: 137.137239 seconds (0d 0h 2m 17s)

---------------  T H R E A D  ---------------

Current thread (0x000001bdcc416740):  JavaThread "C2 CompilerThread0" daemon [_thread_in_native, id=32016, stack(0x0000005b92a00000,0x0000005b92b00000)]


Current CompileTask:
C2: 137137 1120       4       java.util.Arrays::binarySearch0 (95 bytes)

Stack: [0x0000005b92a00000,0x0000005b92b00000]
Native frames: (J=compiled Java code, j=interpreted, Vv=VM code, C=native code)
V  [jvm.dll+0x6bb95a]
V  [jvm.dll+0x8485fa]
V  [jvm.dll+0x84a1f5]
V  [jvm.dll+0x84a8f3]
V  [jvm.dll+0x280b0f]
V  [jvm.dll+0xc2b11]
V  [jvm.dll+0xc2e35]
V  [jvm.dll+0xc2c34]
V  [jvm.dll+0x143bc6]
V  [jvm.dll+0x708069]
V  [jvm.dll+0x7087ed]
V  [jvm.dll+0x706f33]
V  [jvm.dll+0x1e6b76]
V  [jvm.dll+0x24b3ab]
V  [jvm.dll+0x24a651]
V  [jvm.dll+0x1ce491]
V  [jvm.dll+0x259e1b]
V  [jvm.dll+0x2584f0]
V  [jvm.dll+0x3f2895]
V  [jvm.dll+0x7f4b56]
V  [jvm.dll+0x6ba5cb]
C  [ucrtbase.dll+0x29333]
C  [KERNEL32.DLL+0x1259d]
C  [ntdll.dll+0x5af38]


---------------  P R O C E S S  ---------------

Threads class SMR info:
_java_thread_list=0x000001bdd1fb1c80, length=16, elements={
0x000001bdcc40a3c0, 0x000001bdcc40afd0, 0x000001bdcc40c650, 0x000001bdcc40dfa0,
0x000001bdcc40f8f0, 0x000001bdcc410230, 0x000001bdcc416740, 0x000001bdcc41be30,
0x000001bdd08cbc70, 0x000001bdd09a0b00, 0x000001bdd0b3cf10, 0x000001bdd0b40f30,
0x000001bdd0b44160, 0x000001bdd1e22760, 0x000001bdadbbdfe0, 0x000001bdd2121e00
}

Java Threads: ( => current thread )
  0x000001bdcc40a3c0 JavaThread "Reference Handler" daemon [_thread_blocked, id=31736, stack(0x0000005b92400000,0x0000005b92500000)]
  0x000001bdcc40afd0 JavaThread "Finalizer" daemon [_thread_blocked, id=22596, stack(0x0000005b92500000,0x0000005b92600000)]
  0x000001bdcc40c650 JavaThread "Signal Dispatcher" daemon [_thread_blocked, id=1248, stack(0x0000005b92600000,0x0000005b92700000)]
  0x000001bdcc40dfa0 JavaThread "Attach Listener" daemon [_thread_blocked, id=21516, stack(0x0000005b92700000,0x0000005b92800000)]
  0x000001bdcc40f8f0 JavaThread "Service Thread" daemon [_thread_blocked, id=32220, stack(0x0000005b92800000,0x0000005b92900000)]
  0x000001bdcc410230 JavaThread "Monitor Deflation Thread" daemon [_thread_blocked, id=32280, stack(0x0000005b92900000,0x0000005b92a00000)]
=>0x000001bdcc416740 JavaThread "C2 CompilerThread0" daemon [_thread_in_native, id=32016, stack(0x0000005b92a00000,0x0000005b92b00000)]
  0x000001bdcc41be30 JavaThread "C1 CompilerThread0" daemon [_thread_blocked, id=32608, stack(0x0000005b92b00000,0x0000005b92c00000)]
  0x000001bdd08cbc70 JavaThread "Common-Cleaner" daemon [_thread_blocked, id=32148, stack(0x0000005b92c00000,0x0000005b92d00000)]
  0x000001bdd09a0b00 JavaThread "Notification Thread" daemon [_thread_blocked, id=8364, stack(0x0000005b92d00000,0x0000005b92e00000)]
  0x000001bdd0b3cf10 JavaThread "Java2D Disposer" daemon [_thread_blocked, id=31956, stack(0x0000005b92f00000,0x0000005b93000000)]
  0x000001bdd0b40f30 JavaThread "AWT-Shutdown" [_thread_blocked, id=20592, stack(0x0000005b93000000,0x0000005b93100000)]
  0x000001bdd0b44160 JavaThread "AWT-Windows" daemon [_thread_in_native, id=21924, stack(0x0000005b93100000,0x0000005b93200000)]
  0x000001bdd1e22760 JavaThread "AWT-EventQueue-0" [_thread_in_native, id=31732, stack(0x0000005b93300000,0x0000005b93400000)]
  0x000001bdadbbdfe0 JavaThread "DestroyJavaVM" [_thread_blocked, id=5828, stack(0x0000005b91d00000,0x0000005b91e00000)]
  0x000001bdd2121e00 JavaThread "TimerQueue" daemon [_thread_blocked, id=32744, stack(0x0000005b93700000,0x0000005b93800000)]

Other Threads:
  0x000001bdcc3e5ef0 VMThread "VM Thread" [stack: 0x0000005b92300000,0x0000005b92400000] [id=6648]
  0x000001bdd09a1460 WatcherThread "VM Periodic Task Thread" [stack: 0x0000005b92e00000,0x0000005b92f00000] [id=30428]
  0x000001bdadc1f060 WorkerThread "GC Thread#0" [stack: 0x0000005b91e00000,0x0000005b91f00000] [id=32076]
  0x000001bdadc2f6a0 ConcurrentGCThread "G1 Main Marker" [stack: 0x0000005b91f00000,0x0000005b92000000] [id=18100]
  0x000001bdadc2ffe0 WorkerThread "G1 Conc#0" [stack: 0x0000005b92000000,0x0000005b92100000] [id=31128]
  0x000001bdcc2a44e0 ConcurrentGCThread "G1 Refine#0" [stack: 0x0000005b92100000,0x0000005b92200000] [id=32676]
  0x000001bdcc2a4e90 ConcurrentGCThread "G1 Service" [stack: 0x0000005b92200000,0x0000005b92300000] [id=8256]

Threads with active compile tasks:
C2 CompilerThread0   137245 1120       4       java.util.Arrays::binarySearch0 (95 bytes)

VM state: not at safepoint (normal execution)

VM Mutex/Monitor currently owned by a thread: None

Heap address: 0x0000000084c00000, size: 1972 MB, Compressed Oops mode: 32-bit

CDS archive(s) mapped at: [0x0000000800000000-0x0000000800c60000-0x0000000800c60000), size 12976128, SharedBaseAddress: 0x0000000800000000, ArchiveRelocationMode: 0.
Compressed class space mapped at: 0x0000000801000000-0x0000000841000000, reserved size: 1073741824
Narrow klass base: 0x0000000800000000, Narrow klass shift: 0, Narrow klass range: 0x100000000

GC Precious Log:
 CardTable entry size: 512
 Card Set container configuration: InlinePtr #cards 5 size 8 Array Of Cards #cards 12 size 40 Howl #buckets 4 coarsen threshold 1843 Howl Bitmap #cards 512 size 80 coarsen threshold 460 Card regions per heap region 1 cards per card region 2048
 CPUs: 8 total, 8 available
 Memory: 7886M
 Large Page Support: Disabled
 NUMA Support: Disabled
 Compressed Oops: Enabled (32-bit)
 Heap Region Size: 1M
 Heap Min Capacity: 8M
 Heap Initial Capacity: 124M
 Heap Max Capacity: 1972M
 Pre-touch: Disabled
 Parallel Workers: 8
 Concurrent Workers: 2
 Concurrent Refinement Workers: 8
 Periodic GC: Disabled

Heap:
 garbage-first heap   total 126976K, used 12288K [0x0000000084c00000, 0x0000000100000000)
  region size 1024K, 11 young (11264K), 0 survivors (0K)
 Metaspace       used 8292K, committed 8512K, reserved 1114112K
  class space    used 922K, committed 1024K, reserved 1048576K

Heap Regions: E=young(eden), S=young(survivor), O=old, HS=humongous(starts), HC=humongous(continues), CS=collection set, F=free, OA=open archive, CA=closed archive, TAMS=top-at-mark-start, PB=parsable bottom
|   0|0x0000000084c00000, 0x0000000084d00000, 0x0000000084d00000|100%|HS|  |TAMS 0x0000000084c00000| PB 0x0000000084c00000| Complete 
|   1|0x0000000084d00000, 0x0000000084e00000, 0x0000000084e00000|100%|HC|  |TAMS 0x0000000084d00000| PB 0x0000000084d00000| Complete 
|   2|0x0000000084e00000, 0x0000000084e00000, 0x0000000084f00000|  0%| F|  |TAMS 0x0000000084e00000| PB 0x0000000084e00000| Untracked 
|   3|0x0000000084f00000, 0x0000000084f00000, 0x0000000085000000|  0%| F|  |TAMS 0x0000000084f00000| PB 0x0000000084f00000| Untracked 
|   4|0x0000000085000000, 0x0000000085000000, 0x0000000085100000|  0%| F|  |TAMS 0x0000000085000000| PB 0x0000000085000000| Untracked 
|   5|0x0000000085100000, 0x0000000085100000, 0x0000000085200000|  0%| F|  |TAMS 0x0000000085100000| PB 0x0000000085100000| Untracked 
|   6|0x0000000085200000, 0x0000000085200000, 0x0000000085300000|  0%| F|  |TAMS 0x0000000085200000| PB 0x0000000085200000| Untracked 
|   7|0x0000000085300000, 0x0000000085300000, 0x0000000085400000|  0%| F|  |TAMS 0x0000000085300000| PB 0x0000000085300000| Untracked 
|   8|0x0000000085400000, 0x0000000085400000, 0x0000000085500000|  0%| F|  |TAMS 0x0000000085400000| PB 0x0000000085400000| Untracked 
|   9|0x0000000085500000, 0x0000000085500000, 0x0000000085600000|  0%| F|  |TAMS 0x0000000085500000| PB 0x0000000085500000| Untracked 
|  10|0x0000000085600000, 0x0000000085600000, 0x0000000085700000|  0%| F|  |TAMS 0x0000000085600000| PB 0x0000000085600000| Untracked 
|  11|0x0000000085700000, 0x0000000085700000, 0x0000000085800000|  0%| F|  |TAMS 0x0000000085700000| PB 0x0000000085700000| Untracked 
|  12|0x0000000085800000, 0x0000000085800000, 0x0000000085900000|  0%| F|  |TAMS 0x0000000085800000| PB 0x0000000085800000| Untracked 
|  13|0x0000000085900000, 0x0000000085900000, 0x0000000085a00000|  0%| F|  |TAMS 0x0000000085900000| PB 0x0000000085900000| Untracked 
|  14|0x0000000085a00000, 0x0000000085a00000, 0x0000000085b00000|  0%| F|  |TAMS 0x0000000085a00000| PB 0x0000000085a00000| Untracked 
|  15|0x0000000085b00000, 0x0000000085b00000, 0x0000000085c00000|  0%| F|  |TAMS 0x0000000085b00000| PB 0x0000000085b00000| Untracked 
|  16|0x0000000085c00000, 0x0000000085c00000, 0x0000000085d00000|  0%| F|  |TAMS 0x0000000085c00000| PB 0x0000000085c00000| Untracked 
|  17|0x0000000085d00000, 0x0000000085d00000, 0x0000000085e00000|  0%| F|  |TAMS 0x0000000085d00000| PB 0x0000000085d00000| Untracked 
|  18|0x0000000085e00000, 0x0000000085e00000, 0x0000000085f00000|  0%| F|  |TAMS 0x0000000085e00000| PB 0x0000000085e00000| Untracked 
|  19|0x0000000085f00000, 0x0000000085f00000, 0x0000000086000000|  0%| F|  |TAMS 0x0000000085f00000| PB 0x0000000085f00000| Untracked 
|  20|0x0000000086000000, 0x0000000086000000, 0x0000000086100000|  0%| F|  |TAMS 0x0000000086000000| PB 0x0000000086000000| Untracked 
|  21|0x0000000086100000, 0x0000000086100000, 0x0000000086200000|  0%| F|  |TAMS 0x0000000086100000| PB 0x0000000086100000| Untracked 
|  22|0x0000000086200000, 0x0000000086200000, 0x0000000086300000|  0%| F|  |TAMS 0x0000000086200000| PB 0x0000000086200000| Untracked 
|  23|0x0000000086300000, 0x0000000086300000, 0x0000000086400000|  0%| F|  |TAMS 0x0000000086300000| PB 0x0000000086300000| Untracked 
|  24|0x0000000086400000, 0x0000000086400000, 0x0000000086500000|  0%| F|  |TAMS 0x0000000086400000| PB 0x0000000086400000| Untracked 
|  25|0x0000000086500000, 0x0000000086500000, 0x0000000086600000|  0%| F|  |TAMS 0x0000000086500000| PB 0x0000000086500000| Untracked 
|  26|0x0000000086600000, 0x0000000086600000, 0x0000000086700000|  0%| F|  |TAMS 0x0000000086600000| PB 0x0000000086600000| Untracked 
|  27|0x0000000086700000, 0x0000000086700000, 0x0000000086800000|  0%| F|  |TAMS 0x0000000086700000| PB 0x0000000086700000| Untracked 
|  28|0x0000000086800000, 0x0000000086800000, 0x0000000086900000|  0%| F|  |TAMS 0x0000000086800000| PB 0x0000000086800000| Untracked 
|  29|0x0000000086900000, 0x0000000086900000, 0x0000000086a00000|  0%| F|  |TAMS 0x0000000086900000| PB 0x0000000086900000| Untracked 
|  30|0x0000000086a00000, 0x0000000086a00000, 0x0000000086b00000|  0%| F|  |TAMS 0x0000000086a00000| PB 0x0000000086a00000| Untracked 
|  31|0x0000000086b00000, 0x0000000086b00000, 0x0000000086c00000|  0%| F|  |TAMS 0x0000000086b00000| PB 0x0000000086b00000| Untracked 
|  32|0x0000000086c00000, 0x0000000086c00000, 0x0000000086d00000|  0%| F|  |TAMS 0x0000000086c00000| PB 0x0000000086c00000| Untracked 
|  33|0x0000000086d00000, 0x0000000086d00000, 0x0000000086e00000|  0%| F|  |TAMS 0x0000000086d00000| PB 0x0000000086d00000| Untracked 
|  34|0x0000000086e00000, 0x0000000086e00000, 0x0000000086f00000|  0%| F|  |TAMS 0x0000000086e00000| PB 0x0000000086e00000| Untracked 
|  35|0x0000000086f00000, 0x0000000086f00000, 0x0000000087000000|  0%| F|  |TAMS 0x0000000086f00000| PB 0x0000000086f00000| Untracked 
|  36|0x0000000087000000, 0x0000000087000000, 0x0000000087100000|  0%| F|  |TAMS 0x0000000087000000| PB 0x0000000087000000| Untracked 
|  37|0x0000000087100000, 0x0000000087100000, 0x0000000087200000|  0%| F|  |TAMS 0x0000000087100000| PB 0x0000000087100000| Untracked 
|  38|0x0000000087200000, 0x0000000087200000, 0x0000000087300000|  0%| F|  |TAMS 0x0000000087200000| PB 0x0000000087200000| Untracked 
|  39|0x0000000087300000, 0x0000000087300000, 0x0000000087400000|  0%| F|  |TAMS 0x0000000087300000| PB 0x0000000087300000| Untracked 
|  40|0x0000000087400000, 0x0000000087400000, 0x0000000087500000|  0%| F|  |TAMS 0x0000000087400000| PB 0x0000000087400000| Untracked 
|  41|0x0000000087500000, 0x0000000087500000, 0x0000000087600000|  0%| F|  |TAMS 0x0000000087500000| PB 0x0000000087500000| Untracked 
|  42|0x0000000087600000, 0x0000000087600000, 0x0000000087700000|  0%| F|  |TAMS 0x0000000087600000| PB 0x0000000087600000| Untracked 
|  43|0x0000000087700000, 0x0000000087700000, 0x0000000087800000|  0%| F|  |TAMS 0x0000000087700000| PB 0x0000000087700000| Untracked 
|  44|0x0000000087800000, 0x0000000087800000, 0x0000000087900000|  0%| F|  |TAMS 0x0000000087800000| PB 0x0000000087800000| Untracked 
|  45|0x0000000087900000, 0x0000000087900000, 0x0000000087a00000|  0%| F|  |TAMS 0x0000000087900000| PB 0x0000000087900000| Untracked 
|  46|0x0000000087a00000, 0x0000000087a00000, 0x0000000087b00000|  0%| F|  |TAMS 0x0000000087a00000| PB 0x0000000087a00000| Untracked 
|  47|0x0000000087b00000, 0x0000000087b00000, 0x0000000087c00000|  0%| F|  |TAMS 0x0000000087b00000| PB 0x0000000087b00000| Untracked 
|  48|0x0000000087c00000, 0x0000000087c00000, 0x0000000087d00000|  0%| F|  |TAMS 0x0000000087c00000| PB 0x0000000087c00000| Untracked 
|  49|0x0000000087d00000, 0x0000000087d00000, 0x0000000087e00000|  0%| F|  |TAMS 0x0000000087d00000| PB 0x0000000087d00000| Untracked 
|  50|0x0000000087e00000, 0x0000000087e00000, 0x0000000087f00000|  0%| F|  |TAMS 0x0000000087e00000| PB 0x0000000087e00000| Untracked 
|  51|0x0000000087f00000, 0x0000000087f00000, 0x0000000088000000|  0%| F|  |TAMS 0x0000000087f00000| PB 0x0000000087f00000| Untracked 
|  52|0x0000000088000000, 0x0000000088000000, 0x0000000088100000|  0%| F|  |TAMS 0x0000000088000000| PB 0x0000000088000000| Untracked 
|  53|0x0000000088100000, 0x0000000088100000, 0x0000000088200000|  0%| F|  |TAMS 0x0000000088100000| PB 0x0000000088100000| Untracked 
|  54|0x0000000088200000, 0x0000000088200000, 0x0000000088300000|  0%| F|  |TAMS 0x0000000088200000| PB 0x0000000088200000| Untracked 
|  55|0x0000000088300000, 0x0000000088300000, 0x0000000088400000|  0%| F|  |TAMS 0x0000000088300000| PB 0x0000000088300000| Untracked 
|  56|0x0000000088400000, 0x0000000088400000, 0x0000000088500000|  0%| F|  |TAMS 0x0000000088400000| PB 0x0000000088400000| Untracked 
|  57|0x0000000088500000, 0x0000000088500000, 0x0000000088600000|  0%| F|  |TAMS 0x0000000088500000| PB 0x0000000088500000| Untracked 
|  58|0x0000000088600000, 0x0000000088600000, 0x0000000088700000|  0%| F|  |TAMS 0x0000000088600000| PB 0x0000000088600000| Untracked 
|  59|0x0000000088700000, 0x0000000088700000, 0x0000000088800000|  0%| F|  |TAMS 0x0000000088700000| PB 0x0000000088700000| Untracked 
|  60|0x0000000088800000, 0x0000000088800000, 0x0000000088900000|  0%| F|  |TAMS 0x0000000088800000| PB 0x0000000088800000| Untracked 
|  61|0x0000000088900000, 0x0000000088900000, 0x0000000088a00000|  0%| F|  |TAMS 0x0000000088900000| PB 0x0000000088900000| Untracked 
|  62|0x0000000088a00000, 0x0000000088a00000, 0x0000000088b00000|  0%| F|  |TAMS 0x0000000088a00000| PB 0x0000000088a00000| Untracked 
|  63|0x0000000088b00000, 0x0000000088b00000, 0x0000000088c00000|  0%| F|  |TAMS 0x0000000088b00000| PB 0x0000000088b00000| Untracked 
|  64|0x0000000088c00000, 0x0000000088c00000, 0x0000000088d00000|  0%| F|  |TAMS 0x0000000088c00000| PB 0x0000000088c00000| Untracked 
|  65|0x0000000088d00000, 0x0000000088d00000, 0x0000000088e00000|  0%| F|  |TAMS 0x0000000088d00000| PB 0x0000000088d00000| Untracked 
|  66|0x0000000088e00000, 0x0000000088e00000, 0x0000000088f00000|  0%| F|  |TAMS 0x0000000088e00000| PB 0x0000000088e00000| Untracked 
|  67|0x0000000088f00000, 0x0000000088f00000, 0x0000000089000000|  0%| F|  |TAMS 0x0000000088f00000| PB 0x0000000088f00000| Untracked 
|  68|0x0000000089000000, 0x0000000089000000, 0x0000000089100000|  0%| F|  |TAMS 0x0000000089000000| PB 0x0000000089000000| Untracked 
|  69|0x0000000089100000, 0x0000000089100000, 0x0000000089200000|  0%| F|  |TAMS 0x0000000089100000| PB 0x0000000089100000| Untracked 
|  70|0x0000000089200000, 0x0000000089200000, 0x0000000089300000|  0%| F|  |TAMS 0x0000000089200000| PB 0x0000000089200000| Untracked 
|  71|0x0000000089300000, 0x0000000089300000, 0x0000000089400000|  0%| F|  |TAMS 0x0000000089300000| PB 0x0000000089300000| Untracked 
|  72|0x0000000089400000, 0x0000000089400000, 0x0000000089500000|  0%| F|  |TAMS 0x0000000089400000| PB 0x0000000089400000| Untracked 
|  73|0x0000000089500000, 0x0000000089500000, 0x0000000089600000|  0%| F|  |TAMS 0x0000000089500000| PB 0x0000000089500000| Untracked 
|  74|0x0000000089600000, 0x0000000089600000, 0x0000000089700000|  0%| F|  |TAMS 0x0000000089600000| PB 0x0000000089600000| Untracked 
|  75|0x0000000089700000, 0x0000000089700000, 0x0000000089800000|  0%| F|  |TAMS 0x0000000089700000| PB 0x0000000089700000| Untracked 
|  76|0x0000000089800000, 0x0000000089800000, 0x0000000089900000|  0%| F|  |TAMS 0x0000000089800000| PB 0x0000000089800000| Untracked 
|  77|0x0000000089900000, 0x0000000089900000, 0x0000000089a00000|  0%| F|  |TAMS 0x0000000089900000| PB 0x0000000089900000| Untracked 
|  78|0x0000000089a00000, 0x0000000089a00000, 0x0000000089b00000|  0%| F|  |TAMS 0x0000000089a00000| PB 0x0000000089a00000| Untracked 
|  79|0x0000000089b00000, 0x0000000089b00000, 0x0000000089c00000|  0%| F|  |TAMS 0x0000000089b00000| PB 0x0000000089b00000| Untracked 
|  80|0x0000000089c00000, 0x0000000089c00000, 0x0000000089d00000|  0%| F|  |TAMS 0x0000000089c00000| PB 0x0000000089c00000| Untracked 
|  81|0x0000000089d00000, 0x0000000089d00000, 0x0000000089e00000|  0%| F|  |TAMS 0x0000000089d00000| PB 0x0000000089d00000| Untracked 
|  82|0x0000000089e00000, 0x0000000089e00000, 0x0000000089f00000|  0%| F|  |TAMS 0x0000000089e00000| PB 0x0000000089e00000| Untracked 
|  83|0x0000000089f00000, 0x0000000089f00000, 0x000000008a000000|  0%| F|  |TAMS 0x0000000089f00000| PB 0x0000000089f00000| Untracked 
|  84|0x000000008a000000, 0x000000008a000000, 0x000000008a100000|  0%| F|  |TAMS 0x000000008a000000| PB 0x000000008a000000| Untracked 
|  85|0x000000008a100000, 0x000000008a100000, 0x000000008a200000|  0%| F|  |TAMS 0x000000008a100000| PB 0x000000008a100000| Untracked 
|  86|0x000000008a200000, 0x000000008a200000, 0x000000008a300000|  0%| F|  |TAMS 0x000000008a200000| PB 0x000000008a200000| Untracked 
|  87|0x000000008a300000, 0x000000008a300000, 0x000000008a400000|  0%| F|  |TAMS 0x000000008a300000| PB 0x000000008a300000| Untracked 
|  88|0x000000008a400000, 0x000000008a400000, 0x000000008a500000|  0%| F|  |TAMS 0x000000008a400000| PB 0x000000008a400000| Untracked 
|  89|0x000000008a500000, 0x000000008a500000, 0x000000008a600000|  0%| F|  |TAMS 0x000000008a500000| PB 0x000000008a500000| Untracked 
|  90|0x000000008a600000, 0x000000008a600000, 0x000000008a700000|  0%| F|  |TAMS 0x000000008a600000| PB 0x000000008a600000| Untracked 
|  91|0x000000008a700000, 0x000000008a700000, 0x000000008a800000|  0%| F|  |TAMS 0x000000008a700000| PB 0x000000008a700000| Untracked 
|  92|0x000000008a800000, 0x000000008a800000, 0x000000008a900000|  0%| F|  |TAMS 0x000000008a800000| PB 0x000000008a800000| Untracked 
|  93|0x000000008a900000, 0x000000008a900000, 0x000000008aa00000|  0%| F|  |TAMS 0x000000008a900000| PB 0x000000008a900000| Untracked 
|  94|0x000000008aa00000, 0x000000008aa00000, 0x000000008ab00000|  0%| F|  |TAMS 0x000000008aa00000| PB 0x000000008aa00000| Untracked 
|  95|0x000000008ab00000, 0x000000008ab00000, 0x000000008ac00000|  0%| F|  |TAMS 0x000000008ab00000| PB 0x000000008ab00000| Untracked 
|  96|0x000000008ac00000, 0x000000008ac00000, 0x000000008ad00000|  0%| F|  |TAMS 0x000000008ac00000| PB 0x000000008ac00000| Untracked 
|  97|0x000000008ad00000, 0x000000008ad00000, 0x000000008ae00000|  0%| F|  |TAMS 0x000000008ad00000| PB 0x000000008ad00000| Untracked 
|  98|0x000000008ae00000, 0x000000008ae00000, 0x000000008af00000|  0%| F|  |TAMS 0x000000008ae00000| PB 0x000000008ae00000| Untracked 
|  99|0x000000008af00000, 0x000000008af00000, 0x000000008b000000|  0%| F|  |TAMS 0x000000008af00000| PB 0x000000008af00000| Untracked 
| 100|0x000000008b000000, 0x000000008b000000, 0x000000008b100000|  0%| F|  |TAMS 0x000000008b000000| PB 0x000000008b000000| Untracked 
| 101|0x000000008b100000, 0x000000008b100000, 0x000000008b200000|  0%| F|  |TAMS 0x000000008b100000| PB 0x000000008b100000| Untracked 
| 102|0x000000008b200000, 0x000000008b200000, 0x000000008b300000|  0%| F|  |TAMS 0x000000008b200000| PB 0x000000008b200000| Untracked 
| 103|0x000000008b300000, 0x000000008b300000, 0x000000008b400000|  0%| F|  |TAMS 0x000000008b300000| PB 0x000000008b300000| Untracked 
| 104|0x000000008b400000, 0x000000008b400000, 0x000000008b500000|  0%| F|  |TAMS 0x000000008b400000| PB 0x000000008b400000| Untracked 
| 105|0x000000008b500000, 0x000000008b500000, 0x000000008b600000|  0%| F|  |TAMS 0x000000008b500000| PB 0x000000008b500000| Untracked 
| 106|0x000000008b600000, 0x000000008b600000, 0x000000008b700000|  0%| F|  |TAMS 0x000000008b600000| PB 0x000000008b600000| Untracked 
| 107|0x000000008b700000, 0x000000008b700000, 0x000000008b800000|  0%| F|  |TAMS 0x000000008b700000| PB 0x000000008b700000| Untracked 
| 108|0x000000008b800000, 0x000000008b800000, 0x000000008b900000|  0%| F|  |TAMS 0x000000008b800000| PB 0x000000008b800000| Untracked 
| 109|0x000000008b900000, 0x000000008b900000, 0x000000008ba00000|  0%| F|  |TAMS 0x000000008b900000| PB 0x000000008b900000| Untracked 
| 110|0x000000008ba00000, 0x000000008ba00000, 0x000000008bb00000|  0%| F|  |TAMS 0x000000008ba00000| PB 0x000000008ba00000| Untracked 
| 111|0x000000008bb00000, 0x000000008bb00000, 0x000000008bc00000|  0%| F|  |TAMS 0x000000008bb00000| PB 0x000000008bb00000| Untracked 
| 112|0x000000008bc00000, 0x000000008bc00000, 0x000000008bd00000|  0%| F|  |TAMS 0x000000008bc00000| PB 0x000000008bc00000| Untracked 
| 113|0x000000008bd00000, 0x000000008bdec128, 0x000000008be00000| 92%| E|  |TAMS 0x000000008bd00000| PB 0x000000008bd00000| Complete 
| 114|0x000000008be00000, 0x000000008bf00000, 0x000000008bf00000|100%| E|CS|TAMS 0x000000008be00000| PB 0x000000008be00000| Complete 
| 115|0x000000008bf00000, 0x000000008c000000, 0x000000008c000000|100%| E|CS|TAMS 0x000000008bf00000| PB 0x000000008bf00000| Complete 
| 116|0x000000008c000000, 0x000000008c100000, 0x000000008c100000|100%| E|CS|TAMS 0x000000008c000000| PB 0x000000008c000000| Complete 
| 117|0x000000008c100000, 0x000000008c200000, 0x000000008c200000|100%| E|CS|TAMS 0x000000008c100000| PB 0x000000008c100000| Complete 
| 118|0x000000008c200000, 0x000000008c300000, 0x000000008c300000|100%| E|CS|TAMS 0x000000008c200000| PB 0x000000008c200000| Complete 
| 119|0x000000008c300000, 0x000000008c400000, 0x000000008c400000|100%| E|CS|TAMS 0x000000008c300000| PB 0x000000008c300000| Complete 
| 120|0x000000008c400000, 0x000000008c500000, 0x000000008c500000|100%| E|CS|TAMS 0x000000008c400000| PB 0x000000008c400000| Complete 
| 121|0x000000008c500000, 0x000000008c600000, 0x000000008c600000|100%| E|CS|TAMS 0x000000008c500000| PB 0x000000008c500000| Complete 
| 122|0x000000008c600000, 0x000000008c700000, 0x000000008c700000|100%| E|CS|TAMS 0x000000008c600000| PB 0x000000008c600000| Complete 
| 123|0x000000008c700000, 0x000000008c800000, 0x000000008c800000|100%| E|CS|TAMS 0x000000008c700000| PB 0x000000008c700000| Complete 

Card table byte_map: [0x000001bdc72d0000,0x000001bdc76b0000] _byte_map_base: 0x000001bdc6eaa000

Marking Bits: (CMBitMap*) 0x000001bdadc1f5a0
 Bits: [0x000001bdc7a90000, 0x000001bdc9960000)

Polling page: 0x000001bdadc80000

Metaspace:

Usage:
  Non-class:      7.20 MB used.
      Class:    922.09 KB used.
       Both:      8.10 MB used.

Virtual space:
  Non-class space:       64.00 MB reserved,       7.31 MB ( 11%) committed,  1 nodes.
      Class space:        1.00 GB reserved,       1.00 MB ( <1%) committed,  1 nodes.
             Both:        1.06 GB reserved,       8.31 MB ( <1%) committed. 

Chunk freelists:
   Non-Class:  491.00 KB
       Class:  3.04 MB
        Both:  3.52 MB

MaxMetaspaceSize: unlimited
CompressedClassSpaceSize: 1.00 GB
Initial GC threshold: 21.00 MB
Current GC threshold: 21.00 MB
CDS: on
MetaspaceReclaimPolicy: balanced
 - commit_granule_bytes: 65536.
 - commit_granule_words: 8192.
 - virtual_space_node_default_size: 8388608.
 - enlarge_chunks_in_place: 1.
 - new_chunks_are_fully_committed: 0.
 - uncommit_free_chunks: 1.
 - use_allocation_guard: 0.


Internal statistics:

num_allocs_failed_limit: 0.
num_arena_births: 152.
num_arena_deaths: 0.
num_vsnodes_births: 2.
num_vsnodes_deaths: 0.
num_space_committed: 133.
num_space_uncommitted: 0.
num_chunks_returned_to_freelist: 0.
num_chunks_taken_from_freelist: 194.
num_chunk_merges: 0.
num_chunk_splits: 112.
num_chunks_enlarged: 43.
num_inconsistent_stats: 0.

CodeHeap 'non-profiled nmethods': size=120000Kb used=310Kb max_used=310Kb free=119689Kb
 bounds [0x000001bdbef50000, 0x000001bdbf1c0000, 0x000001bdc6480000]
CodeHeap 'profiled nmethods': size=120000Kb used=1762Kb max_used=1762Kb free=118237Kb
 bounds [0x000001bdb7480000, 0x000001bdb76f0000, 0x000001bdbe9b0000]
CodeHeap 'non-nmethods': size=5760Kb used=1770Kb max_used=1784Kb free=3989Kb
 bounds [0x000001bdbe9b0000, 0x000001bdbec20000, 0x000001bdbef50000]
 total_blobs=1750 nmethods=1121 adapters=540
 compilation: enabled
              stopped_count=0, restarted_count=0
 full_count=0

Compilation events (20 events):
Event: 4.620 Thread 0x000001bdcc41be30 nmethod 1112 0x000001bdb7633b90 code [0x000001bdb7633dc0, 0x000001bdb76345c0]
Event: 4.620 Thread 0x000001bdcc41be30 1113   !   3       sun.awt.PostEventQueue::postEvent (81 bytes)
Event: 4.621 Thread 0x000001bdcc41be30 nmethod 1113 0x000001bdb7634990 code [0x000001bdb7634c00, 0x000001bdb76357f8]
Event: 4.648 Thread 0x000001bdcc41be30 1114       3       sun.awt.SunToolkit::getSystemEventQueueImplPP (13 bytes)
Event: 4.648 Thread 0x000001bdcc41be30 nmethod 1114 0x000001bdb7635d10 code [0x000001bdb7635ea0, 0x000001bdb76360b8]
Event: 4.669 Thread 0x000001bdcc41be30 1115       3       java.util.HashSet::remove (20 bytes)
Event: 4.669 Thread 0x000001bdcc41be30 nmethod 1115 0x000001bdb7636190 code [0x000001bdb7636320, 0x000001bdb7636548]
Event: 4.683 Thread 0x000001bdcc41be30 1116   !   3       sun.awt.AWTAutoShutdown::getPeer (43 bytes)
Event: 4.684 Thread 0x000001bdcc41be30 nmethod 1116 0x000001bdb7636610 code [0x000001bdb76367c0, 0x000001bdb7636b88]
Event: 4.698 Thread 0x000001bdcc41be30 1117   !   3       java.awt.Container::findComponentAt (42 bytes)
Event: 4.698 Thread 0x000001bdcc41be30 nmethod 1117 0x000001bdb7636d90 code [0x000001bdb7636f60, 0x000001bdb76373a8]
Event: 4.783 Thread 0x000001bdcc41be30 1118       3       java.awt.Toolkit::getEventQueue (7 bytes)
Event: 4.783 Thread 0x000001bdcc41be30 nmethod 1118 0x000001bdb7637590 code [0x000001bdb7637760, 0x000001bdb7637b68]
Event: 4.783 Thread 0x000001bdcc41be30 1119       3       sun.awt.SunToolkit::getSystemEventQueueImpl (4 bytes)
Event: 4.783 Thread 0x000001bdcc41be30 nmethod 1119 0x000001bdb7637d10 code [0x000001bdb7637ec0, 0x000001bdb76381d8]
Event: 137.109 Thread 0x000001bdcc416740 1120       4       java.util.Arrays::binarySearch0 (95 bytes)
Event: 137.109 Thread 0x000001bdcc41be30 1121       3       sun.java2d.StateTrackableDelegate::markDirty (6 bytes)
Event: 137.110 Thread 0x000001bdcc41be30 nmethod 1121 0x000001bdb7638310 code [0x000001bdb76384a0, 0x000001bdb76385d8]
Event: 137.110 Thread 0x000001bdcc41be30 1122       3       java.util.HashMap::afterNodeRemoval (1 bytes)
Event: 137.110 Thread 0x000001bdcc41be30 nmethod 1122 0x000001bdb7638690 code [0x000001bdb7638820, 0x000001bdb7638930]

GC Heap History (0 events):
No events

Dll operation events (9 events):
Event: 0.008 Loaded shared library C:\Program Files\Java\jdk-20\bin\java.dll
Event: 0.020 Loaded shared library C:\Program Files\Java\jdk-20\bin\jsvml.dll
Event: 0.062 Loaded shared library C:\Program Files\Java\jdk-20\bin\net.dll
Event: 0.063 Loaded shared library C:\Program Files\Java\jdk-20\bin\nio.dll
Event: 0.086 Loaded shared library C:\Program Files\Java\jdk-20\bin\zip.dll
Event: 0.095 Loaded shared library C:\Program Files\Java\jdk-20\bin\jimage.dll
Event: 0.109 Loaded shared library C:\Program Files\Java\jdk-20\bin\awt.dll
Event: 0.403 Loaded shared library C:\Program Files\Java\jdk-20\bin\freetype.dll
Event: 0.404 Loaded shared library C:\Program Files\Java\jdk-20\bin\fontmanager.dll

Deoptimization events (20 events):
Event: 0.389 Thread 0x000001bdd0b44160 Uncommon trap: trap_request=0xffffff45 fr.pc=0x000001bdbef7acc4 relative=0x0000000000000144
Event: 0.389 Thread 0x000001bdd0b44160 Uncommon trap: reason=unstable_if action=reinterpret pc=0x000001bdbef7acc4 method=java.util.concurrent.locks.ReentrantLock$NonfairSync.initialTryLock()Z @ 10 c2
Event: 0.389 Thread 0x000001bdd0b44160 DEOPT PACKING pc=0x000001bdbef7acc4 sp=0x0000005b931fd1e0
Event: 0.389 Thread 0x000001bdd0b44160 DEOPT UNPACKING pc=0x000001bdbe9cd2a2 sp=0x0000005b931fd188 mode 2
Event: 0.389 Thread 0x000001bdd0b44160 Uncommon trap: trap_request=0xffffff45 fr.pc=0x000001bdbef86bcc relative=0x00000000000000cc
Event: 0.389 Thread 0x000001bdd0b44160 Uncommon trap: reason=unstable_if action=reinterpret pc=0x000001bdbef86bcc method=java.util.concurrent.locks.ReentrantLock$Sync.tryRelease(I)Z @ 26 c2
Event: 0.389 Thread 0x000001bdd0b44160 DEOPT PACKING pc=0x000001bdbef86bcc sp=0x0000005b931fd1e0
Event: 0.389 Thread 0x000001bdd0b44160 DEOPT UNPACKING pc=0x000001bdbe9cd2a2 sp=0x0000005b931fd180 mode 2
Event: 0.409 Thread 0x000001bdadbbdfe0 Uncommon trap: trap_request=0xffffff45 fr.pc=0x000001bdbef7ee48 relative=0x00000000000001c8
Event: 0.409 Thread 0x000001bdadbbdfe0 Uncommon trap: reason=unstable_if action=reinterpret pc=0x000001bdbef7ee48 method=java.lang.StringUTF16.compress([CI[BII)I @ 20 c2
Event: 0.409 Thread 0x000001bdadbbdfe0 DEOPT PACKING pc=0x000001bdbef7ee48 sp=0x0000005b91dfde80
Event: 0.409 Thread 0x000001bdadbbdfe0 DEOPT UNPACKING pc=0x000001bdbe9cd2a2 sp=0x0000005b91dfddf0 mode 2
Event: 1.524 Thread 0x000001bdd0b44160 Uncommon trap: trap_request=0xffffff45 fr.pc=0x000001bdbef95e34 relative=0x0000000000000214
Event: 1.524 Thread 0x000001bdd0b44160 Uncommon trap: reason=unstable_if action=reinterpret pc=0x000001bdbef95e34 method=java.util.concurrent.locks.ReentrantLock$Sync.lock()V @ 4 c2
Event: 1.524 Thread 0x000001bdd0b44160 DEOPT PACKING pc=0x000001bdbef95e34 sp=0x0000005b931fdba0
Event: 1.524 Thread 0x000001bdd0b44160 DEOPT UNPACKING pc=0x000001bdbe9cd2a2 sp=0x0000005b931fdb00 mode 2
Event: 4.386 Thread 0x000001bdd0b44160 Uncommon trap: trap_request=0xffffff45 fr.pc=0x000001bdbef9d434 relative=0x00000000000000b4
Event: 4.386 Thread 0x000001bdd0b44160 Uncommon trap: reason=unstable_if action=reinterpret pc=0x000001bdbef9d434 method=java.util.concurrent.locks.AbstractQueuedSynchronizer.signalNext(Ljava/util/concurrent/locks/AbstractQueuedSynchronizer$Node;)V @ 10 c2
Event: 4.386 Thread 0x000001bdd0b44160 DEOPT PACKING pc=0x000001bdbef9d434 sp=0x0000005b931fdaa0
Event: 4.386 Thread 0x000001bdd0b44160 DEOPT UNPACKING pc=0x000001bdbe9cd2a2 sp=0x0000005b931fd990 mode 2

Classes loaded (20 events):
Event: 0.530 Loading class javax/swing/TimerQueue$DelayedTimer
Event: 0.530 Loading class java/util/concurrent/Delayed
Event: 0.530 Loading class java/util/concurrent/Delayed done
Event: 0.530 Loading class javax/swing/TimerQueue$DelayedTimer done
Event: 0.530 Loading class java/util/concurrent/TimeUnit$1
Event: 0.530 Loading class java/util/concurrent/TimeUnit$1 done
Event: 1.056 Loading class javax/swing/Timer$1
Event: 1.056 Loading class javax/swing/Timer$1 done
Event: 4.825 Loading class java/awt/LightweightDispatcher$2
Event: 4.825 Loading class java/awt/LightweightDispatcher$2 done
Event: 5.378 Loading class java/awt/KeyboardFocusManager$2
Event: 5.378 Loading class java/awt/KeyboardFocusManager$2 done
Event: 5.378 Loading class sun/awt/SunToolkit$1
Event: 5.378 Loading class sun/awt/SunToolkit$1 done
Event: 136.735 Loading class java/util/WeakHashMap$KeyIterator
Event: 136.737 Loading class java/util/WeakHashMap$HashIterator
Event: 136.737 Loading class java/util/WeakHashMap$HashIterator done
Event: 136.737 Loading class java/util/WeakHashMap$KeyIterator done
Event: 136.738 Loading class javax/swing/RepaintManager$DisplayChangedRunnable
Event: 136.738 Loading class javax/swing/RepaintManager$DisplayChangedRunnable done

Classes unloaded (0 events):
No events

Classes redefined (0 events):
No events

Internal exceptions (15 events):
Event: 0.064 Thread 0x000001bdadbbdfe0 Exception <a 'sun/nio/fs/WindowsException'{0x000000008c644270}> (0x000000008c644270) 
thrown [s\open\src\hotspot\share\prims\jni.cpp, line 519]
Event: 0.065 Thread 0x000001bdadbbdfe0 Exception <a 'sun/nio/fs/WindowsException'{0x000000008c646948}> (0x000000008c646948) 
thrown [s\open\src\hotspot\share\prims\jni.cpp, line 519]
Event: 0.065 Thread 0x000001bdadbbdfe0 Exception <a 'sun/nio/fs/WindowsException'{0x000000008c647548}> (0x000000008c647548) 
thrown [s\open\src\hotspot\share\prims\jni.cpp, line 519]
Event: 0.099 Thread 0x000001bdadbbdfe0 Exception <a 'java/lang/ClassNotFoundException'{0x000000008c594558}: sun/awt/resources/spi/awtProvider> (0x000000008c594558) 
thrown [s\open\src\hotspot\share\classfile\systemDictionary.cpp, line 305]
Event: 0.120 Thread 0x000001bdadbbdfe0 Exception <a 'java/io/FileNotFoundException'{0x000000008c5eac20}> (0x000000008c5eac20) 
thrown [s\open\src\hotspot\share\prims\jni.cpp, line 519]
Event: 0.126 Thread 0x000001bdadbbdfe0 Exception <a 'java/io/FileNotFoundException'{0x000000008c415748}> (0x000000008c415748) 
thrown [s\open\src\hotspot\share\prims\jni.cpp, line 519]
Event: 0.195 Thread 0x000001bdadbbdfe0 Exception <a 'java/lang/NoSuchMethodError'{0x000000008c334140}: 'void java.lang.invoke.DirectMethodHandle$Holder.invokeSpecial(java.lang.Object, java.lang.Object, java.lang.Object)'> (0x000000008c334140) 
thrown [s\open\src\hotspot\share\interpreter\linkResolver.cpp, line 773]
Event: 0.202 Thread 0x000001bdadbbdfe0 Exception <a 'java/lang/NoSuchMethodError'{0x000000008c35e888}: 'java.lang.Object java.lang.invoke.DirectMethodHandle$Holder.newInvokeSpecial(java.lang.Object, java.lang.Object, java.lang.Object, java.lang.Object, java.lang.Object)'> (0x000000008c35e888) 
thrown [s\open\src\hotspot\share\interpreter\linkResolver.cpp, line 773]
Event: 0.208 Thread 0x000001bdadbbdfe0 Exception <a 'java/lang/NoSuchMethodError'{0x000000008c38f378}: 'java.lang.Object java.lang.invoke.DirectMethodHandle$Holder.invokeStatic(java.lang.Object, int, java.lang.Object)'> (0x000000008c38f378) 
thrown [s\open\src\hotspot\share\interpreter\linkResolver.cpp, line 773]
Event: 0.230 Thread 0x000001bdadbbdfe0 Exception <a 'java/lang/ClassNotFoundException'{0x000000008c24ab50}: com/sun/swing/internal/plaf/metal/resources/spi/metalProvider> (0x000000008c24ab50) 
thrown [s\open\src\hotspot\share\classfile\systemDictionary.cpp, line 305]
Event: 0.231 Thread 0x000001bdadbbdfe0 Exception <a 'java/lang/ClassNotFoundException'{0x000000008c24eb00}: com/sun/swing/internal/plaf/basic/resources/spi/basicProvider> (0x000000008c24eb00) 
thrown [s\open\src\hotspot\share\classfile\systemDictionary.cpp, line 305]
Event: 0.240 Thread 0x000001bdadbbdfe0 Exception <a 'java/lang/NoSuchMethodError'{0x000000008c26dc30}: 'int java.lang.invoke.Invokers$Holder.invokeExact_MT(java.lang.Object, java.lang.Object)'> (0x000000008c26dc30) 
thrown [s\open\src\hotspot\share\interpreter\linkResolver.cpp, line 773]
Event: 0.318 Thread 0x000001bdd0b96e50 Exception <a 'java/lang/NoSuchMethodError'{0x000000008c01a198}: 'java.lang.Object java.lang.invoke.DirectMethodHandle$Holder.newInvokeSpecial(java.lang.Object, java.lang.Object, java.lang.Object, int, int, int, int, int)'> (0x000000008c01a198) 
thrown [s\open\src\hotspot\share\interpreter\linkResolver.cpp, line 773]
Event: 0.390 Thread 0x000001bdd0b44160 Exception <a 'java/lang/NoSuchMethodError'{0x000000008c4fbc40}: 'void java.lang.invoke.DirectMethodHandle$Holder.invokeVirtual(java.lang.Object, java.lang.Object)'> (0x000000008c4fbc40) 
thrown [s\open\src\hotspot\share\interpreter\linkResolver.cpp, line 773]
Event: 0.400 Thread 0x000001bdadbbdfe0 Exception <a 'java/lang/NoSuchMethodError'{0x000000008bf3d350}: 'void java.lang.invoke.DirectMethodHandle$Holder.invokeStaticInit(java.lang.Object)'> (0x000000008bf3d350) 
thrown [s\open\src\hotspot\share\interpreter\linkResolver.cpp, line 773]

VM Operations (16 events):
Event: 0.066 Executing VM operation: HandshakeAllThreads
Event: 0.066 Executing VM operation: HandshakeAllThreads done
Event: 0.132 Executing VM operation: HandshakeAllThreads
Event: 0.132 Executing VM operation: HandshakeAllThreads done
Event: 0.302 Executing VM operation: HandshakeAllThreads
Event: 0.302 Executing VM operation: HandshakeAllThreads done
Event: 0.375 Executing VM operation: HandshakeAllThreads
Event: 0.375 Executing VM operation: HandshakeAllThreads done
Event: 1.380 Executing VM operation: Cleanup
Event: 1.380 Executing VM operation: Cleanup done
Event: 2.385 Executing VM operation: Cleanup
Event: 2.385 Executing VM operation: Cleanup done
Event: 4.416 Executing VM operation: Cleanup
Event: 4.416 Executing VM operation: Cleanup done
Event: 5.425 Executing VM operation: Cleanup
Event: 5.426 Executing VM operation: Cleanup done

Events (20 events):
Event: 0.020 Thread 0x000001bdadbbdfe0 Thread added: 0x000001bdadbbdfe0
Event: 0.033 Thread 0x000001bdcc40a3c0 Thread added: 0x000001bdcc40a3c0
Event: 0.033 Thread 0x000001bdcc40afd0 Thread added: 0x000001bdcc40afd0
Event: 0.033 Thread 0x000001bdcc40c650 Thread added: 0x000001bdcc40c650
Event: 0.033 Thread 0x000001bdcc40dfa0 Thread added: 0x000001bdcc40dfa0
Event: 0.033 Thread 0x000001bdcc40f8f0 Thread added: 0x000001bdcc40f8f0
Event: 0.033 Thread 0x000001bdcc410230 Thread added: 0x000001bdcc410230
Event: 0.033 Thread 0x000001bdcc416740 Thread added: 0x000001bdcc416740
Event: 0.033 Thread 0x000001bdcc41be30 Thread added: 0x000001bdcc41be30
Event: 0.051 Thread 0x000001bdd08cbc70 Thread added: 0x000001bdd08cbc70
Event: 0.076 Thread 0x000001bdd09a0b00 Thread added: 0x000001bdd09a0b00
Event: 0.167 Thread 0x000001bdd0b3cf10 Thread added: 0x000001bdd0b3cf10
Event: 0.168 Thread 0x000001bdd0b40f30 Thread added: 0x000001bdd0b40f30
Event: 0.169 Thread 0x000001bdd0b44160 Thread added: 0x000001bdd0b44160
Event: 0.248 Thread 0x000001bdd0b96e50 Thread added: 0x000001bdd0b96e50
Event: 0.389 Thread 0x000001bdd1e22760 Thread added: 0x000001bdd1e22760
Event: 0.477 Thread 0x000001bdadbbdfe0 Thread exited: 0x000001bdadbbdfe0
Event: 0.477 Thread 0x000001bdadbbdfe0 Thread added: 0x000001bdadbbdfe0
Event: 0.530 Thread 0x000001bdd2121e00 Thread added: 0x000001bdd2121e00
Event: 5.345 Thread 0x000001bdd0b96e50 Thread exited: 0x000001bdd0b96e50


Dynamic libraries:
0x00007ff62bac0000 - 0x00007ff62bad0000 	C:\Program Files\Java\jdk-20\bin\java.exe
0x00007ffb49a10000 - 0x00007ffb49c27000 	C:\WINDOWS\SYSTEM32\ntdll.dll
0x00007ffb49000000 - 0x00007ffb490c4000 	C:\WINDOWS\System32\KERNEL32.DLL
0x00007ffb47330000 - 0x00007ffb47700000 	C:\WINDOWS\System32\KERNELBASE.dll
0x00007ffb46fc0000 - 0x00007ffb470d1000 	C:\WINDOWS\System32\ucrtbase.dll
0x00007ffb26510000 - 0x00007ffb2652b000 	C:\Program Files\Java\jdk-20\bin\VCRUNTIME140.dll
0x00007ffb3b7a0000 - 0x00007ffb3b7b9000 	C:\Program Files\Java\jdk-20\bin\jli.dll
0x00007ffb48210000 - 0x00007ffb482c1000 	C:\WINDOWS\System32\ADVAPI32.dll
0x00007ffb48790000 - 0x00007ffb48837000 	C:\WINDOWS\System32\msvcrt.dll
0x00007ffb48840000 - 0x00007ffb488e7000 	C:\WINDOWS\System32\sechost.dll
0x00007ffb470e0000 - 0x00007ffb47108000 	C:\WINDOWS\System32\bcrypt.dll
0x00007ffb48aa0000 - 0x00007ffb48bb4000 	C:\WINDOWS\System32\RPCRT4.dll
0x00007ffb488f0000 - 0x00007ffb48a9e000 	C:\WINDOWS\System32\USER32.dll
0x00007ffb47300000 - 0x00007ffb47326000 	C:\WINDOWS\System32\win32u.dll
0x00007ffb38b00000 - 0x00007ffb38d92000 	C:\WINDOWS\WinSxS\amd64_microsoft.windows.common-controls_6595b64144ccf1df_6.0.22621.4830_none_270fe7d773858e80\COMCTL32.dll
0x00007ffb498a0000 - 0x00007ffb498c9000 	C:\WINDOWS\System32\GDI32.dll
0x00007ffb46d60000 - 0x00007ffb46e7b000 	C:\WINDOWS\System32\gdi32full.dll
0x00007ffb46cc0000 - 0x00007ffb46d5a000 	C:\WINDOWS\System32\msvcp_win.dll
0x00007ffb3e620000 - 0x00007ffb3e62a000 	C:\WINDOWS\SYSTEM32\VERSION.dll
0x00007ffb482d0000 - 0x00007ffb48301000 	C:\WINDOWS\System32\IMM32.DLL
0x00007ffb364a0000 - 0x00007ffb364ac000 	C:\Program Files\Java\jdk-20\bin\vcruntime140_1.dll
0x00007ffaf9590000 - 0x00007ffaf961e000 	C:\Program Files\Java\jdk-20\bin\msvcp140.dll
0x00007ffad93b0000 - 0x00007ffada047000 	C:\Program Files\Java\jdk-20\bin\server\jvm.dll
0x00007ffb3d250000 - 0x00007ffb3d284000 	C:\WINDOWS\SYSTEM32\WINMM.dll
0x00007ffb37fb0000 - 0x00007ffb37fb9000 	C:\WINDOWS\SYSTEM32\WSOCK32.dll
0x00007ffb48bc0000 - 0x00007ffb48c31000 	C:\WINDOWS\System32\WS2_32.dll
0x00007ffb45d00000 - 0x00007ffb45d18000 	C:\WINDOWS\SYSTEM32\kernel.appcore.dll
0x00007ffb33790000 - 0x00007ffb3379a000 	C:\Program Files\Java\jdk-20\bin\jimage.dll
0x00007ffb44490000 - 0x00007ffb446c2000 	C:\WINDOWS\SYSTEM32\DBGHELP.DLL
0x00007ffb490d0000 - 0x00007ffb49460000 	C:\WINDOWS\System32\combase.dll
0x00007ffb498d0000 - 0x00007ffb499a7000 	C:\WINDOWS\System32\OLEAUT32.dll
0x00007ffb3cc50000 - 0x00007ffb3cc82000 	C:\WINDOWS\SYSTEM32\dbgcore.DLL
0x00007ffb47280000 - 0x00007ffb472fb000 	C:\WINDOWS\System32\bcryptPrimitives.dll
0x00007ffb16250000 - 0x00007ffb16276000 	C:\Program Files\Java\jdk-20\bin\java.dll
0x00007ffae5000000 - 0x00007ffae50d7000 	C:\Program Files\Java\jdk-20\bin\jsvml.dll
0x00007ffb477c0000 - 0x00007ffb48038000 	C:\WINDOWS\System32\SHELL32.dll
0x00007ffb44c10000 - 0x00007ffb45520000 	C:\WINDOWS\SYSTEM32\windows.storage.dll
0x00007ffb44ad0000 - 0x00007ffb44c0f000 	C:\WINDOWS\SYSTEM32\wintypes.dll
0x00007ffb48ef0000 - 0x00007ffb48ffa000 	C:\WINDOWS\System32\SHCORE.dll
0x00007ffb47750000 - 0x00007ffb477ae000 	C:\WINDOWS\System32\shlwapi.dll
0x00007ffb46bf0000 - 0x00007ffb46c1b000 	C:\WINDOWS\SYSTEM32\profapi.dll
0x00007ffb26490000 - 0x00007ffb264a3000 	C:\Program Files\Java\jdk-20\bin\net.dll
0x00007ffb3cec0000 - 0x00007ffb3cfec000 	C:\WINDOWS\SYSTEM32\WINHTTP.dll
0x00007ffb46180000 - 0x00007ffb461e9000 	C:\WINDOWS\system32\mswsock.dll
0x00007ffb25a10000 - 0x00007ffb25a26000 	C:\Program Files\Java\jdk-20\bin\nio.dll
0x00007ffb254e0000 - 0x00007ffb254f8000 	C:\Program Files\Java\jdk-20\bin\zip.dll
0x00007ffaddb70000 - 0x00007ffaddd01000 	C:\Program Files\Java\jdk-20\bin\awt.dll
0x00007ffb43780000 - 0x00007ffb43817000 	C:\WINDOWS\SYSTEM32\apphelp.dll
0x00007ffb43f20000 - 0x00007ffb43f4b000 	C:\WINDOWS\system32\DWMAPI.DLL
0x00007ffb43ce0000 - 0x00007ffb43d91000 	C:\WINDOWS\system32\uxtheme.dll
0x00007ffaed280000 - 0x00007ffaed380000 	C:\WINDOWS\system32\opengl32.dll
0x00007ffb1fd30000 - 0x00007ffb1fd5d000 	C:\WINDOWS\SYSTEM32\GLU32.dll
0x00007ffb43dd0000 - 0x00007ffb43e07000 	C:\WINDOWS\SYSTEM32\dxcore.dll
0x00007ffb48d90000 - 0x00007ffb48eef000 	C:\WINDOWS\System32\MSCTF.dll
0x00007ffb495e0000 - 0x00007ffb49781000 	C:\WINDOWS\System32\ole32.dll
0x00007ffae59a0000 - 0x00007ffae5a26000 	C:\Program Files\Java\jdk-20\bin\freetype.dll
0x00007ffadd6f0000 - 0x00007ffadd7b6000 	C:\Program Files\Java\jdk-20\bin\fontmanager.dll
0x00007ffb48ce0000 - 0x00007ffb48d90000 	C:\WINDOWS\System32\clbcatq.dll
0x00007ffb43b30000 - 0x00007ffb43ce0000 	C:\WINDOWS\SYSTEM32\WindowsCodecs.dll
0x00007ffb26910000 - 0x00007ffb2696e000 	C:\WINDOWS\system32\dataexchange.dll
0x00007ffb21510000 - 0x00007ffb217b5000 	C:\WINDOWS\system32\twinapi.appcore.dll
0x00007ffb1ffd0000 - 0x00007ffb20116000 	C:\WINDOWS\SYSTEM32\textinputframework.dll
0x00007ffb43470000 - 0x00007ffb435a3000 	C:\WINDOWS\SYSTEM32\CoreMessaging.dll
0x00007ffb1f4a0000 - 0x00007ffb1f80c000 	C:\WINDOWS\SYSTEM32\CoreUIComponents.dll
0x00007ffb463f0000 - 0x00007ffb463fc000 	C:\WINDOWS\SYSTEM32\CRYPTBASE.DLL

dbghelp: loaded successfully - version: 4.0.5 - missing functions: none
symbol engine: initialized successfully - sym options: 0x614 - pdb path: .;C:\Program Files\Java\jdk-20\bin;C:\WINDOWS\SYSTEM32;C:\WINDOWS\WinSxS\amd64_microsoft.windows.common-controls_6595b64144ccf1df_6.0.22621.4830_none_270fe7d773858e80;C:\Program Files\Java\jdk-20\bin\server

VM Arguments:
jvm_args: -Dfile.encoding=UTF-8 --module-path=C:\Users\Ritesh Kumar\Documents\NetBeansProjects\UniversityManagementSystem\build\classes 
java_command: UniversitySystem.studentsignup
java_class_path (initial): C:\Users\Ritesh Kumar\Downloads\mysql-connector-j-9.0.0\mysql-connector-j-9.0.0\mysql-connector-j-9.0.0.jar;C:\Users\Ritesh Kumar\Documents\NetBeansProjects\UniversityManagementSystem\build\classes
Launcher Type: SUN_STANDARD

[Global flags]
     intx CICompilerCount                          = 4                                         {product} {ergonomic}
     uint ConcGCThreads                            = 2                                         {product} {ergonomic}
     uint G1ConcRefinementThreads                  = 8                                         {product} {ergonomic}
   size_t G1HeapRegionSize                         = 1048576                                   {product} {ergonomic}
    uintx GCDrainStackTargetSize                   = 64                                        {product} {ergonomic}
   size_t InitialHeapSize                          = 130023424                                 {product} {ergonomic}
   size_t MarkStackSize                            = 4194304                                   {product} {ergonomic}
   size_t MaxHeapSize                              = 2067791872                                {product} {ergonomic}
   size_t MaxNewSize                               = 1240465408                                {product} {ergonomic}
   size_t MinHeapDeltaBytes                        = 1048576                                   {product} {ergonomic}
   size_t MinHeapSize                              = 8388608                                   {product} {ergonomic}
    uintx NonNMethodCodeHeapSize                   = 5839372                                {pd product} {ergonomic}
    uintx NonProfiledCodeHeapSize                  = 122909434                              {pd product} {ergonomic}
    uintx ProfiledCodeHeapSize                     = 122909434                              {pd product} {ergonomic}
    uintx ReservedCodeCacheSize                    = 251658240                              {pd product} {ergonomic}
     bool SegmentedCodeCache                       = true                                      {product} {ergonomic}
   size_t SoftMaxHeapSize                          = 2067791872                             {manageable} {ergonomic}
     bool UseCompressedClassPointers               = true                           {product lp64_product} {ergonomic}
     bool UseCompressedOops                        = true                           {product lp64_product} {ergonomic}
     bool UseG1GC                                  = true                                      {product} {ergonomic}
     bool UseLargePagesIndividualAllocation        = false                                  {pd product} {ergonomic}

Logging:
Log output configuration:
 #0: stdout all=warning uptime,level,tags foldmultilines=false
 #1: stderr all=off uptime,level,tags foldmultilines=false

Environment Variables:
PATH=C:\Program Files\Python311\Scripts\;C:\Program Files\Python311\;C:\Program Files\Common Files\Oracle\Java\javapath;C:\WINDOWS\system32;C:\WINDOWS;C:\WINDOWS\System32\Wbem;C:\WINDOWS\System32\WindowsPowerShell\v1.0\;C:\WINDOWS\System32\OpenSSH\;C:\Program Files (x86)\Microsoft SQL Server\160\Tools\Binn\;C:\Program Files\Microsoft SQL Server\160\Tools\Binn\;C:\Program Files\Microsoft SQL Server\Client SDK\ODBC\170\Tools\Binn\;C:\Program Files\Microsoft SQL Server\160\DTS\Binn\;C:\Program Files\Azure Data Studio\bin;C:\Program Files (x86)\Microsoft SQL Server\160\DTS\Binn\;C:\Program Files\Git\cmd;C:\Program Files\MySQL\MySQL Shell 8.0\bin\;C:\Users\Ritesh Kumar\AppData\Local\Microsoft\WindowsApps;C:\Program Files\JetBrains\IntelliJ IDEA Community Edition 2022.3.1\bin;;C:\Program Files\Azure Data Studio\bin;C:\Users\Ritesh Kumar\AppData\Local\Programs\Microsoft VS Code\bin;C:\Users\Ritesh Kumar\Downloads\jdk-20_windows-x64_bin.exe;
USERNAME=Ritesh Kumar
OS=Windows_NT
PROCESSOR_IDENTIFIER=Intel64 Family 6 Model 140 Stepping 1, GenuineIntel
TMP=C:\Users\RITESH~1\AppData\Local\Temp
TEMP=C:\Users\RITESH~1\AppData\Local\Temp




---------------  S Y S T E M  ---------------

OS:
 Windows 11 , 64 bit Build 22621 (10.0.22621.4830)
OS uptime: 44 days 13:25 hours

CPU: total 8 (initial active 8) (4 cores per cpu, 2 threads per core) family 6 model 140 stepping 1 microcode 0x86, cx8, cmov, fxsr, ht, mmx, 3dnowpref, sse, sse2, sse3, ssse3, sse4.1, sse4.2, popcnt, lzcnt, tsc, tscinvbit, avx, avx2, aes, erms, clmul, bmi1, bmi2, adx, avx512f, avx512dq, avx512cd, avx512bw, avx512vl, sha, fma, vzeroupper, avx512_vpopcntdq, avx512_vpclmulqdq, avx512_vaes, avx512_vnni, clflush, clflushopt, clwb, avx512_vbmi2, avx512_vbmi, rdtscp, rdpid, fsrm, gfni, avx512_bitalg, f16c, pku, cet_ibt, cet_ss, avx512_ifma

Memory: 4k page, system-wide physical 7886M (298M free)
TotalPageFile size 32462M (AvailPageFile size 0M)
current process WorkingSet (physical memory assigned to process): 68M, peak: 71M
current process commit charge ("private bytes"): 221M, peak: 223M

vm_info: Java HotSpot(TM) 64-Bit Server VM (20.0.1+9-29) for windows-amd64 JRE (20.0.1+9-29), built on 2023-03-07T13:56:11Z by "mach5one" with MS VC++ 17.1 (VS2022)

END.
